<?xml version="1.0" encoding="UTF-8" standalone="no"?>
<testsuite failures="1" name="cucumber.runtime.formatter.JUnitFormatter" skipped="0" tests="1" time="185.554393">
    <testcase classname="login ke belanjaqu" name="Saya dapat login belanjaqu menggunakan id atau nomor handphone paytren" time="185.554393">
        <failure message="org.openqa.selenium.NoSuchSessionException: invalid session id&#10;Build info: version: '4.0.0-alpha-3', revision: '8c567de6dc'&#10;System info: host: 'ABERCROMBIES', ip: '192.168.43.213', os.name: 'Windows 10', os.arch: 'amd64', os.version: '10.0', java.version: '11.0.4'&#10;Driver info: org.openqa.selenium.chrome.ChromeDriver&#10;Capabilities {acceptInsecureCerts: false, browserName: chrome, browserVersion: 81.0.4044.138, chrome: {chromedriverVersion: 81.0.4044.138 (8c6c7ba89cc9..., userDataDir: C:\Users\denah\AppData\Loca...}, goog:chromeOptions: {debuggerAddress: localhost:56806}, javascriptEnabled: true, networkConnectionEnabled: false, pageLoadStrategy: normal, platform: WINDOWS, platformName: WINDOWS, proxy: Proxy(), setWindowRect: true, strictFileInteractability: false, timeouts: {implicit: 0, pageLoad: 300000, script: 30000}, unhandledPromptBehavior: dismiss and notify, webauthn:virtualAuthenticators: true}&#10;Session ID: 6613c4ff4393819acfd575fd5d03749a&#10;*** Element info: {Using=xpath, value=//button[contains(text(),'LOGIN')]}&#13;&#10;&#9;at java.base/jdk.internal.reflect.NativeConstructorAccessorImpl.newInstance0(Native Method)&#13;&#10;&#9;at java.base/jdk.internal.reflect.NativeConstructorAccessorImpl.newInstance(NativeConstructorAccessorImpl.java:62)&#13;&#10;&#9;at java.base/jdk.internal.reflect.DelegatingConstructorAccessorImpl.newInstance(DelegatingConstructorAccessorImpl.java:45)&#13;&#10;&#9;at java.base/java.lang.reflect.Constructor.newInstance(Constructor.java:490)&#13;&#10;&#9;at org.openqa.selenium.remote.codec.w3c.W3CHttpResponseCodec.createException(W3CHttpResponseCodec.java:191)&#13;&#10;&#9;at org.openqa.selenium.remote.codec.w3c.W3CHttpResponseCodec.decode(W3CHttpResponseCodec.java:125)&#13;&#10;&#9;at org.openqa.selenium.remote.codec.w3c.W3CHttpResponseCodec.decode(W3CHttpResponseCodec.java:52)&#13;&#10;&#9;at org.openqa.selenium.remote.HttpCommandExecutor.execute(HttpCommandExecutor.java:161)&#13;&#10;&#9;at org.openqa.selenium.remote.service.DriverCommandExecutor.execute(DriverCommandExecutor.java:83)&#13;&#10;&#9;at org.openqa.selenium.remote.RemoteWebDriver.execute(RemoteWebDriver.java:576)&#13;&#10;&#9;at org.openqa.selenium.remote.RemoteWebDriver.findElement(RemoteWebDriver.java:327)&#13;&#10;&#9;at org.openqa.selenium.remote.RemoteWebDriver.findElementByXPath(RemoteWebDriver.java:445)&#13;&#10;&#9;at org.openqa.selenium.By$ByXPath.findElement(By.java:396)&#13;&#10;&#9;at org.openqa.selenium.remote.RemoteWebDriver.findElement(RemoteWebDriver.java:319)&#13;&#10;&#9;at Steps.Loginstep.sayaKlikLogin(Loginstep.java:147)&#13;&#10;&#9;at Steps.Loginstep.setOcrketemu(Loginstep.java:40)&#13;&#10;&#9;at Steps.Loginstep.sayaMengisiCaptcha(Loginstep.java:141)&#13;&#10;&#9;at ✽.And Saya mengisi captcha(Login.feature:14)&#13;&#10;">
            <![CDATA[Given Saya berada pada halaman belanjaqu....................................passed
When Saya klik side bar.....................................................passed
And Saya klik tombol login..................................................passed
Then Sistem menampilkan halaman login.......................................passed
Then Saya klik login dengan paytren.........................................passed
And Saya mengisi nomor ponsel "082116515155"................................passed
And Saya mengisi pin "100000"...............................................passed
And Saya mengisi captcha....................................................failed
Then Saya Klik Login........................................................skipped
Then Berhasil login berada pada halaman utama belanjaqu.....................skipped

StackTrace:
org.openqa.selenium.NoSuchSessionException: invalid session id
Build info: version: '4.0.0-alpha-3', revision: '8c567de6dc'
System info: host: 'ABERCROMBIES', ip: '192.168.43.213', os.name: 'Windows 10', os.arch: 'amd64', os.version: '10.0', java.version: '11.0.4'
Driver info: org.openqa.selenium.chrome.ChromeDriver
Capabilities {acceptInsecureCerts: false, browserName: chrome, browserVersion: 81.0.4044.138, chrome: {chromedriverVersion: 81.0.4044.138 (8c6c7ba89cc9..., userDataDir: C:\Users\denah\AppData\Loca...}, goog:chromeOptions: {debuggerAddress: localhost:56806}, javascriptEnabled: true, networkConnectionEnabled: false, pageLoadStrategy: normal, platform: WINDOWS, platformName: WINDOWS, proxy: Proxy(), setWindowRect: true, strictFileInteractability: false, timeouts: {implicit: 0, pageLoad: 300000, script: 30000}, unhandledPromptBehavior: dismiss and notify, webauthn:virtualAuthenticators: true}
Session ID: 6613c4ff4393819acfd575fd5d03749a
*** Element info: {Using=xpath, value=//button[contains(text(),'LOGIN')]}
	at java.base/jdk.internal.reflect.NativeConstructorAccessorImpl.newInstance0(Native Method)
	at java.base/jdk.internal.reflect.NativeConstructorAccessorImpl.newInstance(NativeConstructorAccessorImpl.java:62)
	at java.base/jdk.internal.reflect.DelegatingConstructorAccessorImpl.newInstance(DelegatingConstructorAccessorImpl.java:45)
	at java.base/java.lang.reflect.Constructor.newInstance(Constructor.java:490)
	at org.openqa.selenium.remote.codec.w3c.W3CHttpResponseCodec.createException(W3CHttpResponseCodec.java:191)
	at org.openqa.selenium.remote.codec.w3c.W3CHttpResponseCodec.decode(W3CHttpResponseCodec.java:125)
	at org.openqa.selenium.remote.codec.w3c.W3CHttpResponseCodec.decode(W3CHttpResponseCodec.java:52)
	at org.openqa.selenium.remote.HttpCommandExecutor.execute(HttpCommandExecutor.java:161)
	at org.openqa.selenium.remote.service.DriverCommandExecutor.execute(DriverCommandExecutor.java:83)
	at org.openqa.selenium.remote.RemoteWebDriver.execute(RemoteWebDriver.java:576)
	at org.openqa.selenium.remote.RemoteWebDriver.findElement(RemoteWebDriver.java:327)
	at org.openqa.selenium.remote.RemoteWebDriver.findElementByXPath(RemoteWebDriver.java:445)
	at org.openqa.selenium.By$ByXPath.findElement(By.java:396)
	at org.openqa.selenium.remote.RemoteWebDriver.findElement(RemoteWebDriver.java:319)
	at Steps.Loginstep.sayaKlikLogin(Loginstep.java:147)
	at Steps.Loginstep.setOcrketemu(Loginstep.java:40)
	at Steps.Loginstep.sayaMengisiCaptcha(Loginstep.java:141)
	at ✽.And Saya mengisi captcha(Login.feature:14)
]]>
        </failure>
    </testcase>
</testsuite>
